Info: Starting: Create block symbol file (.bsf)
Info: qsys-generate /home/sebastian95/Documents/GitHub/AlarmClockSoC/onchipAlarm.qsys --block-symbol-file --output-directory=/home/sebastian95/Documents/GitHub/AlarmClockSoC/onchipAlarm --family="Cyclone V" --part=5CSEMA5F31C6
Progress: Loading AlarmClockSoC/onchipAlarm.qsys
Progress: Reading input file
Progress: Adding clk_0 [clock_source 16.1]
Progress: Parameterizing module clk_0
Progress: Adding jtag_uart_0 [altera_avalon_jtag_uart 16.1]
Progress: Parameterizing module jtag_uart_0
Progress: Adding led [altera_avalon_pio 16.1]
Progress: Parameterizing module led
Progress: Adding nios2_gen2_0 [altera_nios2_gen2 16.1]
Progress: Parameterizing module nios2_gen2_0
Progress: Adding onchip_memory2_0 [altera_avalon_onchip_memory2 16.1]
Progress: Parameterizing module onchip_memory2_0
Progress: Adding timer_0 [altera_avalon_timer 16.1]
Progress: Parameterizing module timer_0
Progress: Building connections
Progress: Parameterizing connections
Progress: Validating
Progress: Done reading input file
Info: onchipAlarm.jtag_uart_0: JTAG UART IP input clock need to be at least double (2x) the operating frequency of JTAG TCK on board
Info: qsys-generate succeeded.
Info: Finished: Create block symbol file (.bsf)
Info: 
Info: Starting: Create HDL design files for synthesis
Info: qsys-generate /home/sebastian95/Documents/GitHub/AlarmClockSoC/onchipAlarm.qsys --synthesis=VERILOG --output-directory=/home/sebastian95/Documents/GitHub/AlarmClockSoC/onchipAlarm/synthesis --family="Cyclone V" --part=5CSEMA5F31C6
Progress: Loading AlarmClockSoC/onchipAlarm.qsys
Progress: Reading input file
Progress: Adding clk_0 [clock_source 16.1]
Progress: Parameterizing module clk_0
Progress: Adding jtag_uart_0 [altera_avalon_jtag_uart 16.1]
Progress: Parameterizing module jtag_uart_0
Progress: Adding led [altera_avalon_pio 16.1]
Progress: Parameterizing module led
Progress: Adding nios2_gen2_0 [altera_nios2_gen2 16.1]
Progress: Parameterizing module nios2_gen2_0
Progress: Adding onchip_memory2_0 [altera_avalon_onchip_memory2 16.1]
Progress: Parameterizing module onchip_memory2_0
Progress: Adding timer_0 [altera_avalon_timer 16.1]
Progress: Parameterizing module timer_0
Progress: Building connections
Progress: Parameterizing connections
Progress: Validating
Progress: Done reading input file
Info: onchipAlarm.jtag_uart_0: JTAG UART IP input clock need to be at least double (2x) the operating frequency of JTAG TCK on board
Info: onchipAlarm: Generating onchipAlarm "onchipAlarm" for QUARTUS_SYNTH
Info: jtag_uart_0: Starting RTL generation for module 'onchipAlarm_jtag_uart_0'
Info: jtag_uart_0:   Generation command is [exec /home/sebastian95/intelFPGA_lite/16.1/quartus/linux64/perl/bin/perl -I /home/sebastian95/intelFPGA_lite/16.1/quartus/linux64/perl/lib -I /home/sebastian95/intelFPGA_lite/16.1/quartus/sopc_builder/bin/europa -I /home/sebastian95/intelFPGA_lite/16.1/quartus/sopc_builder/bin/perl_lib -I /home/sebastian95/intelFPGA_lite/16.1/quartus/sopc_builder/bin -I /home/sebastian95/intelFPGA_lite/16.1/quartus/../ip/altera/sopc_builder_ip/common -I /home/sebastian95/intelFPGA_lite/16.1/quartus/../ip/altera/sopc_builder_ip/altera_avalon_jtag_uart -- /home/sebastian95/intelFPGA_lite/16.1/quartus/../ip/altera/sopc_builder_ip/altera_avalon_jtag_uart/generate_rtl.pl --name=onchipAlarm_jtag_uart_0 --dir=/tmp/alt7451_3733592470554024977.dir/0001_jtag_uart_0_gen/ --quartus_dir=/home/sebastian95/intelFPGA_lite/16.1/quartus --verilog --config=/tmp/alt7451_3733592470554024977.dir/0001_jtag_uart_0_gen//onchipAlarm_jtag_uart_0_component_configuration.pl  --do_build_sim=0  ]
Info: jtag_uart_0: Done RTL generation for module 'onchipAlarm_jtag_uart_0'
Info: jtag_uart_0: "onchipAlarm" instantiated altera_avalon_jtag_uart "jtag_uart_0"
Info: led: Starting RTL generation for module 'onchipAlarm_led'
Info: led:   Generation command is [exec /home/sebastian95/intelFPGA_lite/16.1/quartus/linux64/perl/bin/perl -I /home/sebastian95/intelFPGA_lite/16.1/quartus/linux64/perl/lib -I /home/sebastian95/intelFPGA_lite/16.1/quartus/sopc_builder/bin/europa -I /home/sebastian95/intelFPGA_lite/16.1/quartus/sopc_builder/bin/perl_lib -I /home/sebastian95/intelFPGA_lite/16.1/quartus/sopc_builder/bin -I /home/sebastian95/intelFPGA_lite/16.1/quartus/../ip/altera/sopc_builder_ip/common -I /home/sebastian95/intelFPGA_lite/16.1/quartus/../ip/altera/sopc_builder_ip/altera_avalon_pio -- /home/sebastian95/intelFPGA_lite/16.1/quartus/../ip/altera/sopc_builder_ip/altera_avalon_pio/generate_rtl.pl --name=onchipAlarm_led --dir=/tmp/alt7451_3733592470554024977.dir/0002_led_gen/ --quartus_dir=/home/sebastian95/intelFPGA_lite/16.1/quartus --verilog --config=/tmp/alt7451_3733592470554024977.dir/0002_led_gen//onchipAlarm_led_component_configuration.pl  --do_build_sim=0  ]
Info: led: Done RTL generation for module 'onchipAlarm_led'
Info: led: "onchipAlarm" instantiated altera_avalon_pio "led"
Info: nios2_gen2_0: "onchipAlarm" instantiated altera_nios2_gen2 "nios2_gen2_0"
Info: onchip_memory2_0: Starting RTL generation for module 'onchipAlarm_onchip_memory2_0'
Info: onchip_memory2_0:   Generation command is [exec /home/sebastian95/intelFPGA_lite/16.1/quartus/linux64/perl/bin/perl -I /home/sebastian95/intelFPGA_lite/16.1/quartus/linux64/perl/lib -I /home/sebastian95/intelFPGA_lite/16.1/quartus/sopc_builder/bin/europa -I /home/sebastian95/intelFPGA_lite/16.1/quartus/sopc_builder/bin/perl_lib -I /home/sebastian95/intelFPGA_lite/16.1/quartus/sopc_builder/bin -I /home/sebastian95/intelFPGA_lite/16.1/quartus/../ip/altera/sopc_builder_ip/common -I /home/sebastian95/intelFPGA_lite/16.1/quartus/../ip/altera/sopc_builder_ip/altera_avalon_onchip_memory2 -- /home/sebastian95/intelFPGA_lite/16.1/quartus/../ip/altera/sopc_builder_ip/altera_avalon_onchip_memory2/generate_rtl.pl --name=onchipAlarm_onchip_memory2_0 --dir=/tmp/alt7451_3733592470554024977.dir/0003_onchip_memory2_0_gen/ --quartus_dir=/home/sebastian95/intelFPGA_lite/16.1/quartus --verilog --config=/tmp/alt7451_3733592470554024977.dir/0003_onchip_memory2_0_gen//onchipAlarm_onchip_memory2_0_component_configuration.pl  --do_build_sim=0  ]
Info: onchip_memory2_0: Done RTL generation for module 'onchipAlarm_onchip_memory2_0'
Info: onchip_memory2_0: "onchipAlarm" instantiated altera_avalon_onchip_memory2 "onchip_memory2_0"
Info: timer_0: Starting RTL generation for module 'onchipAlarm_timer_0'
Info: timer_0:   Generation command is [exec /home/sebastian95/intelFPGA_lite/16.1/quartus/linux64//perl/bin/perl -I /home/sebastian95/intelFPGA_lite/16.1/quartus/linux64//perl/lib -I /home/sebastian95/intelFPGA_lite/16.1/quartus/sopc_builder/bin/europa -I /home/sebastian95/intelFPGA_lite/16.1/quartus/sopc_builder/bin/perl_lib -I /home/sebastian95/intelFPGA_lite/16.1/quartus/sopc_builder/bin -I /home/sebastian95/intelFPGA_lite/16.1/quartus/../ip/altera/sopc_builder_ip/common -I /home/sebastian95/intelFPGA_lite/16.1/quartus/../ip/altera/sopc_builder_ip/altera_avalon_timer -- /home/sebastian95/intelFPGA_lite/16.1/quartus/../ip/altera/sopc_builder_ip/altera_avalon_timer/generate_rtl.pl --name=onchipAlarm_timer_0 --dir=/tmp/alt7451_3733592470554024977.dir/0004_timer_0_gen/ --quartus_dir=/home/sebastian95/intelFPGA_lite/16.1/quartus --verilog --config=/tmp/alt7451_3733592470554024977.dir/0004_timer_0_gen//onchipAlarm_timer_0_component_configuration.pl  --do_build_sim=0  ]
Info: timer_0: Done RTL generation for module 'onchipAlarm_timer_0'
Info: timer_0: "onchipAlarm" instantiated altera_avalon_timer "timer_0"
Info: avalon_st_adapter: Inserting error_adapter: error_adapter_0
Info: avalon_st_adapter_001: Inserting error_adapter: error_adapter_0
Info: avalon_st_adapter_002: Inserting error_adapter: error_adapter_0
Info: avalon_st_adapter_003: Inserting error_adapter: error_adapter_0
Info: avalon_st_adapter_004: Inserting error_adapter: error_adapter_0
Info: mm_interconnect_0: "onchipAlarm" instantiated altera_mm_interconnect "mm_interconnect_0"
Info: irq_mapper: "onchipAlarm" instantiated altera_irq_mapper "irq_mapper"
Info: rst_controller: "onchipAlarm" instantiated altera_reset_controller "rst_controller"
Info: cpu: Starting RTL generation for module 'onchipAlarm_nios2_gen2_0_cpu'
Info: cpu:   Generation command is [exec /home/sebastian95/intelFPGA_lite/16.1/quartus/linux64//eperlcmd -I /home/sebastian95/intelFPGA_lite/16.1/quartus/linux64//perl/lib -I /home/sebastian95/intelFPGA_lite/16.1/quartus/sopc_builder/bin/europa -I /home/sebastian95/intelFPGA_lite/16.1/quartus/sopc_builder/bin/perl_lib -I /home/sebastian95/intelFPGA_lite/16.1/quartus/sopc_builder/bin -I /home/sebastian95/intelFPGA_lite/16.1/quartus/../ip/altera/nios2_ip/altera_nios2_gen2/cpu_lib -I /home/sebastian95/intelFPGA_lite/16.1/quartus/../ip/altera/nios2_ip/altera_nios2_gen2/nios_lib -I /home/sebastian95/intelFPGA_lite/16.1/quartus/../ip/altera/nios2_ip/altera_nios2_gen2 -I /home/sebastian95/intelFPGA_lite/16.1/quartus/../ip/altera/nios2_ip/altera_nios2_gen2 -- /home/sebastian95/intelFPGA_lite/16.1/quartus/../ip/altera/nios2_ip/altera_nios2_gen2/generate_rtl.epl --name=onchipAlarm_nios2_gen2_0_cpu --dir=/tmp/alt7451_3733592470554024977.dir/0007_cpu_gen/ --quartus_bindir=/home/sebastian95/intelFPGA_lite/16.1/quartus/linux64/ --verilog --config=/tmp/alt7451_3733592470554024977.dir/0007_cpu_gen//onchipAlarm_nios2_gen2_0_cpu_processor_configuration.pl  --do_build_sim=0  ]
Info: cpu: # 2017.10.12 14:03:08 (*) Starting Nios II generation
Info: cpu: # 2017.10.12 14:03:08 (*)   Checking for plaintext license.
Info: cpu: # 2017.10.12 14:03:09 (*)   Plaintext license not found.
Info: cpu: # 2017.10.12 14:03:09 (*)   No license required to generate encrypted Nios II/e.
Info: cpu: # 2017.10.12 14:03:09 (*)   Elaborating CPU configuration settings
Info: cpu: # 2017.10.12 14:03:09 (*)   Creating all objects for CPU
Info: cpu: # 2017.10.12 14:03:11 (*)   Generating RTL from CPU objects
Info: cpu: # 2017.10.12 14:03:11 (*)   Creating plain-text RTL
Info: cpu: # 2017.10.12 14:03:11 (*) Done Nios II generation
Info: cpu: Done RTL generation for module 'onchipAlarm_nios2_gen2_0_cpu'
Info: cpu: "nios2_gen2_0" instantiated altera_nios2_gen2_unit "cpu"
Info: nios2_gen2_0_data_master_translator: "mm_interconnect_0" instantiated altera_merlin_master_translator "nios2_gen2_0_data_master_translator"
Info: jtag_uart_0_avalon_jtag_slave_translator: "mm_interconnect_0" instantiated altera_merlin_slave_translator "jtag_uart_0_avalon_jtag_slave_translator"
Info: nios2_gen2_0_data_master_agent: "mm_interconnect_0" instantiated altera_merlin_master_agent "nios2_gen2_0_data_master_agent"
Info: jtag_uart_0_avalon_jtag_slave_agent: "mm_interconnect_0" instantiated altera_merlin_slave_agent "jtag_uart_0_avalon_jtag_slave_agent"
Info: jtag_uart_0_avalon_jtag_slave_agent_rsp_fifo: "mm_interconnect_0" instantiated altera_avalon_sc_fifo "jtag_uart_0_avalon_jtag_slave_agent_rsp_fifo"
Info: router: "mm_interconnect_0" instantiated altera_merlin_router "router"
Info: router_001: "mm_interconnect_0" instantiated altera_merlin_router "router_001"
Info: router_002: "mm_interconnect_0" instantiated altera_merlin_router "router_002"
Info: router_003: "mm_interconnect_0" instantiated altera_merlin_router "router_003"
Info: cmd_demux: "mm_interconnect_0" instantiated altera_merlin_demultiplexer "cmd_demux"
Info: cmd_demux_001: "mm_interconnect_0" instantiated altera_merlin_demultiplexer "cmd_demux_001"
Info: cmd_mux: "mm_interconnect_0" instantiated altera_merlin_multiplexer "cmd_mux"
Info: cmd_mux_001: "mm_interconnect_0" instantiated altera_merlin_multiplexer "cmd_mux_001"
Info: Reusing file /home/sebastian95/Documents/GitHub/AlarmClockSoC/onchipAlarm/synthesis/submodules/altera_merlin_arbitrator.sv
Info: rsp_demux: "mm_interconnect_0" instantiated altera_merlin_demultiplexer "rsp_demux"
Info: rsp_mux: "mm_interconnect_0" instantiated altera_merlin_multiplexer "rsp_mux"
Info: Reusing file /home/sebastian95/Documents/GitHub/AlarmClockSoC/onchipAlarm/synthesis/submodules/altera_merlin_arbitrator.sv
Info: rsp_mux_001: "mm_interconnect_0" instantiated altera_merlin_multiplexer "rsp_mux_001"
Info: Reusing file /home/sebastian95/Documents/GitHub/AlarmClockSoC/onchipAlarm/synthesis/submodules/altera_merlin_arbitrator.sv
Info: avalon_st_adapter: "mm_interconnect_0" instantiated altera_avalon_st_adapter "avalon_st_adapter"
Info: error_adapter_0: "avalon_st_adapter" instantiated error_adapter "error_adapter_0"
Info: onchipAlarm: Done "onchipAlarm" with 28 modules, 41 files
Info: qsys-generate succeeded.
Info: Finished: Create HDL design files for synthesis
