Flow report for Alarm
Fri Oct 13 09:19:32 2017
Quartus Prime Version 16.1.0 Build 196 10/24/2016 SJ Lite Edition


---------------------
; Table of Contents ;
---------------------
  1. Legal Notice
  2. Flow Summary
  3. Flow Settings
  4. Flow Non-Default Global Settings
  5. Flow Elapsed Time
  6. Flow OS Summary
  7. Flow Log
  8. Flow Messages
  9. Flow Suppressed Messages



----------------
; Legal Notice ;
----------------
Copyright (C) 2016  Intel Corporation. All rights reserved.
Your use of Intel Corporation's design tools, logic functions 
and other software and tools, and its AMPP partner logic 
functions, and any output files from any of the foregoing 
(including device programming or simulation files), and any 
associated documentation or information are expressly subject 
to the terms and conditions of the Intel Program License 
Subscription Agreement, the Intel Quartus Prime License Agreement,
the Intel MegaCore Function License Agreement, or other 
applicable license agreement, including, without limitation, 
that your use is for the sole purpose of programming logic 
devices manufactured by Intel and sold by Intel or its 
authorized distributors.  Please refer to the applicable 
agreement for further details.



+-------------------------------------------------------------------------------+
; Flow Summary                                                                  ;
+---------------------------------+---------------------------------------------+
; Flow Status                     ; Successful - Fri Oct 13 09:19:32 2017       ;
; Quartus Prime Version           ; 16.1.0 Build 196 10/24/2016 SJ Lite Edition ;
; Revision Name                   ; Alarm                                       ;
; Top-level Entity Name           ; onchipAlarm                                 ;
; Family                          ; Cyclone V                                   ;
; Device                          ; 5CSEMA5F31C6                                ;
; Timing Models                   ; Final                                       ;
; Logic utilization (in ALMs)     ; 838 / 32,070 ( 3 % )                        ;
; Total registers                 ; 1232                                        ;
; Total pins                      ; 50 / 457 ( 11 % )                           ;
; Total virtual pins              ; 0                                           ;
; Total block memory bits         ; 142,336 / 4,065,280 ( 4 % )                 ;
; Total DSP Blocks                ; 0 / 87 ( 0 % )                              ;
; Total HSSI RX PCSs              ; 0                                           ;
; Total HSSI PMA RX Deserializers ; 0                                           ;
; Total HSSI TX PCSs              ; 0                                           ;
; Total HSSI PMA TX Serializers   ; 0                                           ;
; Total PLLs                      ; 0 / 6 ( 0 % )                               ;
; Total DLLs                      ; 0 / 4 ( 0 % )                               ;
+---------------------------------+---------------------------------------------+


+-----------------------------------------+
; Flow Settings                           ;
+-------------------+---------------------+
; Option            ; Setting             ;
+-------------------+---------------------+
; Start date & time ; 10/13/2017 09:14:59 ;
; Main task         ; Compilation         ;
; Revision Name     ; Alarm               ;
+-------------------+---------------------+


+----------------------------------------------------------------------------------------------------------------------------------------------------+
; Flow Non-Default Global Settings                                                                                                                   ;
+-------------------------------------+---------------------------------------------------------------+---------------+-------------+----------------+
; Assignment Name                     ; Value                                                         ; Default Value ; Entity Name ; Section Id     ;
+-------------------------------------+---------------------------------------------------------------+---------------+-------------+----------------+
; COMPILER_SIGNATURE_ID               ; 92587420400369.150790769905870                                ; --            ; --          ; --             ;
; EDA_OUTPUT_DATA_FORMAT              ; Verilog Hdl                                                   ; --            ; --          ; eda_simulation ;
; EDA_SIMULATION_TOOL                 ; ModelSim-Altera (Verilog)                                     ; <None>        ; --          ; --             ;
; EDA_TIME_SCALE                      ; 1 ps                                                          ; --            ; --          ; eda_simulation ;
; MAX_CORE_JUNCTION_TEMP              ; 85                                                            ; --            ; --          ; --             ;
; MIN_CORE_JUNCTION_TEMP              ; 0                                                             ; --            ; --          ; --             ;
; MISC_FILE                           ; onchipAlarm/synthesis/../onchipAlarm.cmp                      ; --            ; --          ; --             ;
; MISC_FILE                           ; onchipAlarm/synthesis/../../onchipAlarm.qsys                  ; --            ; --          ; --             ;
; PARTITION_COLOR                     ; -- (Not supported for targeted family)                        ; --            ; onchipAlarm ; Top            ;
; PARTITION_FITTER_PRESERVATION_LEVEL ; -- (Not supported for targeted family)                        ; --            ; onchipAlarm ; Top            ;
; PARTITION_NETLIST_TYPE              ; -- (Not supported for targeted family)                        ; --            ; onchipAlarm ; Top            ;
; POWER_BOARD_THERMAL_MODEL           ; None (CONSERVATIVE)                                           ; --            ; --          ; --             ;
; POWER_PRESET_COOLING_SOLUTION       ; 23 MM HEAT SINK WITH 200 LFPM AIRFLOW                         ; --            ; --          ; --             ;
; PROJECT_OUTPUT_DIRECTORY            ; output_files                                                  ; --            ; --          ; --             ;
; SLD_FILE                            ; onchipAlarm/synthesis/onchipAlarm.regmap                      ; --            ; --          ; --             ;
; SLD_FILE                            ; onchipAlarm/synthesis/onchipAlarm.debuginfo                   ; --            ; --          ; --             ;
; SLD_INFO                            ; QSYS_NAME onchipAlarm HAS_SOPCINFO 1 GENERATION_ID 1507906732 ; --            ; onchipAlarm ; --             ;
; SOPCINFO_FILE                       ; onchipAlarm/synthesis/../../onchipAlarm.sopcinfo              ; --            ; --          ; --             ;
; SYNTHESIS_ONLY_QIP                  ; On                                                            ; --            ; --          ; --             ;
; TOP_LEVEL_ENTITY                    ; onchipAlarm                                                   ; Alarm         ; --          ; --             ;
+-------------------------------------+---------------------------------------------------------------+---------------+-------------+----------------+


+-------------------------------------------------------------------------------------------------------------------------------+
; Flow Elapsed Time                                                                                                             ;
+---------------------------+--------------+-------------------------+---------------------+------------------------------------+
; Module Name               ; Elapsed Time ; Average Processors Used ; Peak Virtual Memory ; Total CPU Time (on all processors) ;
+---------------------------+--------------+-------------------------+---------------------+------------------------------------+
; Analysis & Synthesis      ; 00:00:47     ; 1.0                     ; 1179 MB             ; 00:01:31                           ;
; Fitter                    ; 00:02:19     ; 1.1                     ; 2159 MB             ; 00:03:26                           ;
; Assembler                 ; 00:00:26     ; 1.0                     ; 990 MB              ; 00:00:10                           ;
; TimeQuest Timing Analyzer ; 00:00:22     ; 1.3                     ; 1242 MB             ; 00:00:21                           ;
; EDA Netlist Writer        ; 00:00:04     ; 1.0                     ; 1187 MB             ; 00:00:03                           ;
; Total                     ; 00:03:58     ; --                      ; --                  ; 00:05:31                           ;
+---------------------------+--------------+-------------------------+---------------------+------------------------------------+


+------------------------------------------------------------------------------------------------------+
; Flow OS Summary                                                                                      ;
+---------------------------+---------------------------+----------------+------------+----------------+
; Module Name               ; Machine Hostname          ; OS Name        ; OS Version ; Processor type ;
+---------------------------+---------------------------+----------------+------------+----------------+
; Analysis & Synthesis      ; sebastian95-Inspiron-3537 ; Ubuntu 16.04.2 ; 16         ; x86_64         ;
; Fitter                    ; sebastian95-Inspiron-3537 ; Ubuntu 16.04.2 ; 16         ; x86_64         ;
; Assembler                 ; sebastian95-Inspiron-3537 ; Ubuntu 16.04.2 ; 16         ; x86_64         ;
; TimeQuest Timing Analyzer ; sebastian95-Inspiron-3537 ; Ubuntu 16.04.2 ; 16         ; x86_64         ;
; EDA Netlist Writer        ; sebastian95-Inspiron-3537 ; Ubuntu 16.04.2 ; 16         ; x86_64         ;
+---------------------------+---------------------------+----------------+------------+----------------+


------------
; Flow Log ;
------------
quartus_map --read_settings_files=on --write_settings_files=off Alarm -c Alarm
quartus_fit --read_settings_files=off --write_settings_files=off Alarm -c Alarm
quartus_asm --read_settings_files=off --write_settings_files=off Alarm -c Alarm
quartus_sta Alarm -c Alarm
quartus_eda --read_settings_files=off --write_settings_files=off Alarm -c Alarm



